<?xml version="1.0" encoding="UTF-8"?>
<coverage generated="1736785045156" clover="3.2.0">
  <project timestamp="1736785045156" name="All files">
    <metrics statements="106" coveredstatements="106" conditionals="49" coveredconditionals="49" methods="16" coveredmethods="16" elements="171" coveredelements="171" complexity="0" loc="106" ncloc="106" packages="1" files="3" classes="3"/>
    <file name="functions.js" path="/home/angie/Documents/s8/TP/quality-env-tests/src/functions.js">
      <metrics statements="63" coveredstatements="63" conditionals="33" coveredconditionals="33" methods="11" coveredmethods="11"/>
      <line num="3" count="1" type="stmt"/>
      <line num="4" count="12" type="stmt"/>
      <line num="7" count="1" type="stmt"/>
      <line num="8" count="6" type="cond" truecount="4" falsecount="0"/>
      <line num="9" count="4" type="stmt"/>
      <line num="11" count="2" type="stmt"/>
      <line num="14" count="1" type="cond" truecount="1" falsecount="0"/>
      <line num="15" count="18" type="stmt"/>
      <line num="17" count="18" type="cond" truecount="2" falsecount="0"/>
      <line num="18" count="6" type="stmt"/>
      <line num="21" count="12" type="stmt"/>
      <line num="22" count="66" type="stmt"/>
      <line num="25" count="12" type="stmt"/>
      <line num="28" count="2" type="stmt"/>
      <line num="30" count="1" type="stmt"/>
      <line num="31" count="4" type="stmt"/>
      <line num="32" count="4" type="stmt"/>
      <line num="33" count="5" type="stmt"/>
      <line num="35" count="4" type="stmt"/>
      <line num="38" count="1" type="stmt"/>
      <line num="39" count="4" type="cond" truecount="2" falsecount="0"/>
      <line num="40" count="2" type="stmt"/>
      <line num="42" count="2" type="stmt"/>
      <line num="45" count="1" type="stmt"/>
      <line num="46" count="21" type="cond" truecount="2" falsecount="0"/>
      <line num="47" count="2" type="stmt"/>
      <line num="49" count="19" type="cond" truecount="4" falsecount="0"/>
      <line num="50" count="12" type="stmt"/>
      <line num="52" count="7" type="stmt"/>
      <line num="55" count="1" type="stmt"/>
      <line num="56" count="1" type="stmt"/>
      <line num="57" count="1" type="stmt"/>
      <line num="59" count="1" type="stmt"/>
      <line num="60" count="26" type="stmt"/>
      <line num="63" count="1" type="stmt"/>
      <line num="67" count="1" type="stmt"/>
      <line num="68" count="4" type="stmt"/>
      <line num="70" count="4" type="stmt"/>
      <line num="71" count="3" type="stmt"/>
      <line num="74" count="4" type="stmt"/>
      <line num="77" count="1" type="stmt"/>
      <line num="78" count="7" type="stmt"/>
      <line num="80" count="7" type="stmt"/>
      <line num="81" count="26" type="stmt"/>
      <line num="83" count="26" type="cond" truecount="4" falsecount="0"/>
      <line num="84" count="6" type="stmt"/>
      <line num="86" count="26" type="cond" truecount="4" falsecount="0"/>
      <line num="87" count="9" type="stmt"/>
      <line num="89" count="26" type="cond" truecount="4" falsecount="0"/>
      <line num="90" count="6" type="stmt"/>
      <line num="92" count="26" type="cond" truecount="2" falsecount="0"/>
      <line num="93" count="1" type="stmt"/>
      <line num="97" count="7" type="stmt"/>
      <line num="100" count="1" type="stmt"/>
      <line num="101" count="42" type="cond" truecount="2" falsecount="0"/>
      <line num="102" count="17" type="stmt"/>
      <line num="103" count="17" type="stmt"/>
      <line num="104" count="17" type="stmt"/>
      <line num="105" count="17" type="stmt"/>
      <line num="106" count="43" type="cond" truecount="2" falsecount="0"/>
      <line num="107" count="17" type="stmt"/>
      <line num="109" count="17" type="stmt"/>
      <line num="112" count="1" type="stmt"/>
    </file>
    <file name="sudoGrille.js" path="/home/angie/Documents/s8/TP/quality-env-tests/src/sudoGrille.js">
      <metrics statements="20" coveredstatements="20" conditionals="12" coveredconditionals="12" methods="2" coveredmethods="2"/>
      <line num="2" count="18606" type="stmt"/>
      <line num="3" count="71425" type="stmt"/>
      <line num="4" count="584348" type="cond" truecount="2" falsecount="0"/>
      <line num="5" count="18604" type="stmt"/>
      <line num="6" count="166892" type="cond" truecount="2" falsecount="0"/>
      <line num="7" count="18603" type="stmt"/>
      <line num="8" count="18603" type="cond" truecount="2" falsecount="0"/>
      <line num="9" count="132" type="stmt"/>
      <line num="11" count="18471" type="stmt"/>
      <line num="14" count="18472" type="stmt"/>
      <line num="18" count="2" type="stmt"/>
      <line num="22" count="166892" type="stmt"/>
      <line num="23" count="729470" type="cond" truecount="4" falsecount="0"/>
      <line num="25" count="26659" type="stmt"/>
      <line num="26" count="26659" type="stmt"/>
      <line num="27" count="26659" type="stmt"/>
      <line num="28" count="70636" type="stmt"/>
      <line num="29" count="203602" type="cond" truecount="2" falsecount="0"/>
      <line num="32" count="18603" type="stmt"/>
      <line num="35" count="1" type="stmt"/>
    </file>
    <file name="tpsBrutForceFunct.js" path="/home/angie/Documents/s8/TP/quality-env-tests/src/tpsBrutForceFunct.js">
      <metrics statements="23" coveredstatements="23" conditionals="4" coveredconditionals="4" methods="3" coveredmethods="3"/>
      <line num="2" count="3" type="stmt"/>
      <line num="3" count="3" type="stmt"/>
      <line num="4" count="3" type="stmt"/>
      <line num="5" count="3" type="stmt"/>
      <line num="7" count="3" type="stmt"/>
      <line num="8" count="49" type="stmt"/>
      <line num="9" count="49" type="stmt"/>
      <line num="10" count="144" type="stmt"/>
      <line num="12" count="49" type="stmt"/>
      <line num="14" count="49" type="stmt"/>
      <line num="16" count="49" type="cond" truecount="2" falsecount="0"/>
      <line num="17" count="3" type="stmt"/>
      <line num="18" count="3" type="stmt"/>
      <line num="21" count="3" type="stmt"/>
      <line num="26" count="132" type="cond" truecount="2" falsecount="0"/>
      <line num="27" count="83" type="stmt"/>
      <line num="28" count="83" type="stmt"/>
      <line num="29" count="129" type="stmt"/>
      <line num="30" count="129" type="stmt"/>
      <line num="31" count="129" type="stmt"/>
      <line num="32" count="193" type="stmt"/>
      <line num="35" count="83" type="stmt"/>
      <line num="39" count="1" type="stmt"/>
    </file>
  </project>
</coverage>
