{"/home/angie/Documents/s8/TP/quality-env-tests/src/functions.js": {"path":"/home/angie/Documents/s8/TP/quality-env-tests/src/functions.js","statementMap":{"0":{"start":{"line":3,"column":30},"end":{"line":5,"column":5}},"1":{"start":{"line":4,"column":8},"end":{"line":4,"column":24}},"2":{"start":{"line":7,"column":14},"end":{"line":12,"column":3}},"3":{"start":{"line":8,"column":4},"end":{"line":10,"column":5}},"4":{"start":{"line":9,"column":6},"end":{"line":9,"column":15}},"5":{"start":{"line":11,"column":4},"end":{"line":11,"column":17}},"6":{"start":{"line":14,"column":26},"end":{"line":26,"column":3}},"7":{"start":{"line":15,"column":16},"end":{"line":15,"column":17}},"8":{"start":{"line":17,"column":4},"end":{"line":19,"column":5}},"9":{"start":{"line":18,"column":6},"end":{"line":18,"column":19}},"10":{"start":{"line":21,"column":4},"end":{"line":23,"column":5}},"11":{"start":{"line":22,"column":6},"end":{"line":22,"column":14}},"12":{"start":{"line":25,"column":4},"end":{"line":25,"column":17}},"13":{"start":{"line":28,"column":29},"end":{"line":28,"column":63}},"14":{"start":{"line":28,"column":35},"end":{"line":28,"column":63}},"15":{"start":{"line":30,"column":27},"end":{"line":36,"column":3}},"16":{"start":{"line":31,"column":19},"end":{"line":31,"column":21}},"17":{"start":{"line":32,"column":4},"end":{"line":34,"column":5}},"18":{"start":{"line":32,"column":17},"end":{"line":32,"column":18}},"19":{"start":{"line":33,"column":6},"end":{"line":33,"column":25}},"20":{"start":{"line":35,"column":4},"end":{"line":35,"column":18}},"21":{"start":{"line":38,"column":27},"end":{"line":43,"column":3}},"22":{"start":{"line":39,"column":4},"end":{"line":41,"column":5}},"23":{"start":{"line":40,"column":6},"end":{"line":40,"column":24}},"24":{"start":{"line":42,"column":4},"end":{"line":42,"column":21}},"25":{"start":{"line":45,"column":15},"end":{"line":53,"column":3}},"26":{"start":{"line":46,"column":4},"end":{"line":48,"column":5}},"27":{"start":{"line":47,"column":6},"end":{"line":47,"column":15}},"28":{"start":{"line":49,"column":4},"end":{"line":51,"column":5}},"29":{"start":{"line":50,"column":6},"end":{"line":50,"column":15}},"30":{"start":{"line":52,"column":4},"end":{"line":52,"column":37}},"31":{"start":{"line":55,"column":37},"end":{"line":64,"column":3}},"32":{"start":{"line":56,"column":18},"end":{"line":56,"column":38}},"33":{"start":{"line":57,"column":23},"end":{"line":57,"column":25}},"34":{"start":{"line":59,"column":4},"end":{"line":61,"column":5}},"35":{"start":{"line":59,"column":17},"end":{"line":59,"column":39}},"36":{"start":{"line":60,"column":6},"end":{"line":60,"column":35}},"37":{"start":{"line":63,"column":4},"end":{"line":63,"column":24}},"38":{"start":{"line":67,"column":28},"end":{"line":75,"column":3}},"39":{"start":{"line":68,"column":12},"end":{"line":68,"column":13}},"40":{"start":{"line":70,"column":4},"end":{"line":72,"column":5}},"41":{"start":{"line":71,"column":6},"end":{"line":71,"column":13}},"42":{"start":{"line":74,"column":4},"end":{"line":74,"column":13}},"43":{"start":{"line":77,"column":31},"end":{"line":98,"column":3}},"44":{"start":{"line":78,"column":20},"end":{"line":78,"column":22}},"45":{"start":{"line":80,"column":4},"end":{"line":95,"column":5}},"46":{"start":{"line":80,"column":17},"end":{"line":80,"column":18}},"47":{"start":{"line":81,"column":23},"end":{"line":81,"column":29}},"48":{"start":{"line":83,"column":6},"end":{"line":85,"column":7}},"49":{"start":{"line":84,"column":8},"end":{"line":84,"column":49}},"50":{"start":{"line":86,"column":6},"end":{"line":88,"column":7}},"51":{"start":{"line":87,"column":8},"end":{"line":87,"column":49}},"52":{"start":{"line":89,"column":6},"end":{"line":91,"column":7}},"53":{"start":{"line":90,"column":8},"end":{"line":90,"column":49}},"54":{"start":{"line":92,"column":6},"end":{"line":94,"column":7}},"55":{"start":{"line":93,"column":8},"end":{"line":93,"column":49}},"56":{"start":{"line":97,"column":4},"end":{"line":97,"column":28}},"57":{"start":{"line":100,"column":20},"end":{"line":110,"column":3}},"58":{"start":{"line":101,"column":4},"end":{"line":101,"column":36}},"59":{"start":{"line":101,"column":25},"end":{"line":101,"column":36}},"60":{"start":{"line":102,"column":16},"end":{"line":102,"column":35}},"61":{"start":{"line":103,"column":15},"end":{"line":103,"column":17}},"62":{"start":{"line":104,"column":16},"end":{"line":104,"column":18}},"63":{"start":{"line":105,"column":4},"end":{"line":108,"column":5}},"64":{"start":{"line":105,"column":17},"end":{"line":105,"column":18}},"65":{"start":{"line":106,"column":6},"end":{"line":107,"column":30}},"66":{"start":{"line":106,"column":26},"end":{"line":106,"column":44}},"67":{"start":{"line":107,"column":11},"end":{"line":107,"column":30}},"68":{"start":{"line":109,"column":4},"end":{"line":109,"column":60}},"69":{"start":{"line":112,"column":2},"end":{"line":124,"column":4}}},"fnMap":{"0":{"name":"(anonymous_0)","decl":{"start":{"line":3,"column":30},"end":{"line":3,"column":31}},"loc":{"start":{"line":3,"column":39},"end":{"line":5,"column":5}},"line":3},"1":{"name":"(anonymous_1)","decl":{"start":{"line":7,"column":14},"end":{"line":7,"column":15}},"loc":{"start":{"line":7,"column":24},"end":{"line":12,"column":3}},"line":7},"2":{"name":"(anonymous_2)","decl":{"start":{"line":14,"column":26},"end":{"line":14,"column":27}},"loc":{"start":{"line":14,"column":40},"end":{"line":26,"column":3}},"line":14},"3":{"name":"(anonymous_3)","decl":{"start":{"line":28,"column":29},"end":{"line":28,"column":30}},"loc":{"start":{"line":28,"column":35},"end":{"line":28,"column":63}},"line":28},"4":{"name":"(anonymous_4)","decl":{"start":{"line":30,"column":27},"end":{"line":30,"column":28}},"loc":{"start":{"line":30,"column":36},"end":{"line":36,"column":3}},"line":30},"5":{"name":"(anonymous_5)","decl":{"start":{"line":38,"column":27},"end":{"line":38,"column":28}},"loc":{"start":{"line":38,"column":36},"end":{"line":43,"column":3}},"line":38},"6":{"name":"(anonymous_6)","decl":{"start":{"line":45,"column":15},"end":{"line":45,"column":16}},"loc":{"start":{"line":45,"column":22},"end":{"line":53,"column":3}},"line":45},"7":{"name":"(anonymous_7)","decl":{"start":{"line":55,"column":37},"end":{"line":55,"column":38}},"loc":{"start":{"line":55,"column":43},"end":{"line":64,"column":3}},"line":55},"8":{"name":"(anonymous_8)","decl":{"start":{"line":67,"column":28},"end":{"line":67,"column":29}},"loc":{"start":{"line":67,"column":37},"end":{"line":75,"column":3}},"line":67},"9":{"name":"(anonymous_9)","decl":{"start":{"line":77,"column":31},"end":{"line":77,"column":32}},"loc":{"start":{"line":77,"column":40},"end":{"line":98,"column":3}},"line":77},"10":{"name":"(anonymous_10)","decl":{"start":{"line":100,"column":20},"end":{"line":100,"column":21}},"loc":{"start":{"line":100,"column":29},"end":{"line":110,"column":3}},"line":100}},"branchMap":{"0":{"loc":{"start":{"line":8,"column":4},"end":{"line":10,"column":5}},"type":"if","locations":[{"start":{"line":8,"column":4},"end":{"line":10,"column":5}},{"start":{},"end":{}}],"line":8},"1":{"loc":{"start":{"line":8,"column":8},"end":{"line":8,"column":54}},"type":"binary-expr","locations":[{"start":{"line":8,"column":8},"end":{"line":8,"column":29}},{"start":{"line":8,"column":33},"end":{"line":8,"column":54}}],"line":8},"2":{"loc":{"start":{"line":14,"column":27},"end":{"line":14,"column":35}},"type":"default-arg","locations":[{"start":{"line":14,"column":33},"end":{"line":14,"column":35}}],"line":14},"3":{"loc":{"start":{"line":17,"column":4},"end":{"line":19,"column":5}},"type":"if","locations":[{"start":{"line":17,"column":4},"end":{"line":19,"column":5}},{"start":{},"end":{}}],"line":17},"4":{"loc":{"start":{"line":39,"column":4},"end":{"line":41,"column":5}},"type":"if","locations":[{"start":{"line":39,"column":4},"end":{"line":41,"column":5}},{"start":{},"end":{}}],"line":39},"5":{"loc":{"start":{"line":46,"column":4},"end":{"line":48,"column":5}},"type":"if","locations":[{"start":{"line":46,"column":4},"end":{"line":48,"column":5}},{"start":{},"end":{}}],"line":46},"6":{"loc":{"start":{"line":49,"column":4},"end":{"line":51,"column":5}},"type":"if","locations":[{"start":{"line":49,"column":4},"end":{"line":51,"column":5}},{"start":{},"end":{}}],"line":49},"7":{"loc":{"start":{"line":49,"column":8},"end":{"line":49,"column":26}},"type":"binary-expr","locations":[{"start":{"line":49,"column":8},"end":{"line":49,"column":15}},{"start":{"line":49,"column":19},"end":{"line":49,"column":26}}],"line":49},"8":{"loc":{"start":{"line":83,"column":6},"end":{"line":85,"column":7}},"type":"if","locations":[{"start":{"line":83,"column":6},"end":{"line":85,"column":7}},{"start":{},"end":{}}],"line":83},"9":{"loc":{"start":{"line":83,"column":11},"end":{"line":83,"column":41}},"type":"binary-expr","locations":[{"start":{"line":83,"column":11},"end":{"line":83,"column":24}},{"start":{"line":83,"column":28},"end":{"line":83,"column":41}}],"line":83},"10":{"loc":{"start":{"line":86,"column":6},"end":{"line":88,"column":7}},"type":"if","locations":[{"start":{"line":86,"column":6},"end":{"line":88,"column":7}},{"start":{},"end":{}}],"line":86},"11":{"loc":{"start":{"line":86,"column":11},"end":{"line":86,"column":42}},"type":"binary-expr","locations":[{"start":{"line":86,"column":11},"end":{"line":86,"column":24}},{"start":{"line":86,"column":28},"end":{"line":86,"column":42}}],"line":86},"12":{"loc":{"start":{"line":89,"column":6},"end":{"line":91,"column":7}},"type":"if","locations":[{"start":{"line":89,"column":6},"end":{"line":91,"column":7}},{"start":{},"end":{}}],"line":89},"13":{"loc":{"start":{"line":89,"column":11},"end":{"line":89,"column":41}},"type":"binary-expr","locations":[{"start":{"line":89,"column":11},"end":{"line":89,"column":24}},{"start":{"line":89,"column":28},"end":{"line":89,"column":41}}],"line":89},"14":{"loc":{"start":{"line":92,"column":6},"end":{"line":94,"column":7}},"type":"if","locations":[{"start":{"line":92,"column":6},"end":{"line":94,"column":7}},{"start":{},"end":{}}],"line":92},"15":{"loc":{"start":{"line":101,"column":4},"end":{"line":101,"column":36}},"type":"if","locations":[{"start":{"line":101,"column":4},"end":{"line":101,"column":36}},{"start":{},"end":{}}],"line":101},"16":{"loc":{"start":{"line":106,"column":6},"end":{"line":107,"column":30}},"type":"if","locations":[{"start":{"line":106,"column":6},"end":{"line":107,"column":30}},{"start":{"line":107,"column":11},"end":{"line":107,"column":30}}],"line":106}},"s":{"0":1,"1":12,"2":1,"3":6,"4":4,"5":2,"6":1,"7":18,"8":18,"9":6,"10":12,"11":66,"12":12,"13":1,"14":2,"15":1,"16":4,"17":4,"18":4,"19":5,"20":4,"21":1,"22":4,"23":2,"24":2,"25":1,"26":21,"27":2,"28":19,"29":12,"30":7,"31":1,"32":1,"33":1,"34":1,"35":1,"36":26,"37":1,"38":1,"39":4,"40":4,"41":3,"42":4,"43":1,"44":7,"45":7,"46":7,"47":26,"48":26,"49":6,"50":26,"51":9,"52":26,"53":6,"54":26,"55":1,"56":7,"57":1,"58":42,"59":25,"60":17,"61":17,"62":17,"63":17,"64":17,"65":43,"66":26,"67":17,"68":17,"69":1},"f":{"0":12,"1":6,"2":18,"3":2,"4":4,"5":4,"6":21,"7":1,"8":4,"9":7,"10":42},"b":{"0":[4,2],"1":[6,3],"2":[1],"3":[6,12],"4":[2,2],"5":[2,19],"6":[12,7],"7":[19,14],"8":[6,20],"9":[26,18],"10":[9,17],"11":[26,12],"12":[6,20],"13":[26,24],"14":[1,25],"15":[25,17],"16":[26,17]},"_coverageSchema":"1a1c01bbd47fc00a2c39e90264f33305004495a9","hash":"3c0398165a52d825e26039d74e02c8dfe754a54b"}
,"/home/angie/Documents/s8/TP/quality-env-tests/src/sudoGrille.js": {"path":"/home/angie/Documents/s8/TP/quality-env-tests/src/sudoGrille.js","statementMap":{"0":{"start":{"line":2,"column":4},"end":{"line":17,"column":5}},"1":{"start":{"line":2,"column":21},"end":{"line":2,"column":22}},"2":{"start":{"line":3,"column":8},"end":{"line":16,"column":9}},"3":{"start":{"line":3,"column":23},"end":{"line":3,"column":24}},"4":{"start":{"line":4,"column":12},"end":{"line":15,"column":13}},"5":{"start":{"line":5,"column":16},"end":{"line":13,"column":17}},"6":{"start":{"line":5,"column":31},"end":{"line":5,"column":32}},"7":{"start":{"line":6,"column":20},"end":{"line":12,"column":21}},"8":{"start":{"line":7,"column":24},"end":{"line":7,"column":49}},"9":{"start":{"line":8,"column":24},"end":{"line":10,"column":25}},"10":{"start":{"line":9,"column":28},"end":{"line":9,"column":40}},"11":{"start":{"line":11,"column":24},"end":{"line":11,"column":47}},"12":{"start":{"line":14,"column":16},"end":{"line":14,"column":29}},"13":{"start":{"line":18,"column":4},"end":{"line":18,"column":16}},"14":{"start":{"line":22,"column":4},"end":{"line":24,"column":5}},"15":{"start":{"line":22,"column":17},"end":{"line":22,"column":18}},"16":{"start":{"line":23,"column":8},"end":{"line":23,"column":77}},"17":{"start":{"line":23,"column":64},"end":{"line":23,"column":77}},"18":{"start":{"line":25,"column":19},"end":{"line":25,"column":44}},"19":{"start":{"line":26,"column":19},"end":{"line":26,"column":42}},"20":{"start":{"line":27,"column":4},"end":{"line":31,"column":5}},"21":{"start":{"line":27,"column":17},"end":{"line":27,"column":25}},"22":{"start":{"line":28,"column":8},"end":{"line":30,"column":9}},"23":{"start":{"line":28,"column":21},"end":{"line":28,"column":29}},"24":{"start":{"line":29,"column":12},"end":{"line":29,"column":51}},"25":{"start":{"line":29,"column":38},"end":{"line":29,"column":51}},"26":{"start":{"line":32,"column":4},"end":{"line":32,"column":16}},"27":{"start":{"line":35,"column":0},"end":{"line":38,"column":4}}},"fnMap":{"0":{"name":"resoudreSudoku","decl":{"start":{"line":1,"column":9},"end":{"line":1,"column":23}},"loc":{"start":{"line":1,"column":32},"end":{"line":19,"column":1}},"line":1},"1":{"name":"estValide","decl":{"start":{"line":21,"column":9},"end":{"line":21,"column":18}},"loc":{"start":{"line":21,"column":44},"end":{"line":33,"column":1}},"line":21}},"branchMap":{"0":{"loc":{"start":{"line":4,"column":12},"end":{"line":15,"column":13}},"type":"if","locations":[{"start":{"line":4,"column":12},"end":{"line":15,"column":13}},{"start":{},"end":{}}],"line":4},"1":{"loc":{"start":{"line":6,"column":20},"end":{"line":12,"column":21}},"type":"if","locations":[{"start":{"line":6,"column":20},"end":{"line":12,"column":21}},{"start":{},"end":{}}],"line":6},"2":{"loc":{"start":{"line":8,"column":24},"end":{"line":10,"column":25}},"type":"if","locations":[{"start":{"line":8,"column":24},"end":{"line":10,"column":25}},{"start":{},"end":{}}],"line":8},"3":{"loc":{"start":{"line":23,"column":8},"end":{"line":23,"column":77}},"type":"if","locations":[{"start":{"line":23,"column":8},"end":{"line":23,"column":77}},{"start":{},"end":{}}],"line":23},"4":{"loc":{"start":{"line":23,"column":12},"end":{"line":23,"column":62}},"type":"binary-expr","locations":[{"start":{"line":23,"column":12},"end":{"line":23,"column":36}},{"start":{"line":23,"column":40},"end":{"line":23,"column":62}}],"line":23},"5":{"loc":{"start":{"line":29,"column":12},"end":{"line":29,"column":51}},"type":"if","locations":[{"start":{"line":29,"column":12},"end":{"line":29,"column":51}},{"start":{},"end":{}}],"line":29}},"s":{"0":18606,"1":18606,"2":71425,"3":71425,"4":584348,"5":18604,"6":18604,"7":166892,"8":18603,"9":18603,"10":132,"11":18471,"12":18472,"13":2,"14":166892,"15":166892,"16":729470,"17":140233,"18":26659,"19":26659,"20":26659,"21":26659,"22":70636,"23":70636,"24":203602,"25":8056,"26":18603,"27":1},"f":{"0":18606,"1":166892},"b":{"0":[18604,565744],"1":[18603,148289],"2":[132,18471],"3":[140233,589237],"4":[729470,643861],"5":[8056,195546]},"_coverageSchema":"1a1c01bbd47fc00a2c39e90264f33305004495a9","hash":"740e883900ecfe72367ebf11fd9554672351bd2f"}
,"/home/angie/Documents/s8/TP/quality-env-tests/src/tpsBrutForceFunct.js": {"path":"/home/angie/Documents/s8/TP/quality-env-tests/src/tpsBrutForceFunct.js","statementMap":{"0":{"start":{"line":2,"column":17},"end":{"line":2,"column":39}},"1":{"start":{"line":3,"column":23},"end":{"line":3,"column":39}},"2":{"start":{"line":4,"column":22},"end":{"line":4,"column":30}},"3":{"start":{"line":5,"column":31},"end":{"line":5,"column":33}},"4":{"start":{"line":7,"column":4},"end":{"line":20,"column":7}},"5":{"start":{"line":8,"column":29},"end":{"line":8,"column":30}},"6":{"start":{"line":9,"column":8},"end":{"line":11,"column":9}},"7":{"start":{"line":9,"column":21},"end":{"line":9,"column":22}},"8":{"start":{"line":10,"column":12},"end":{"line":10,"column":66}},"9":{"start":{"line":12,"column":8},"end":{"line":12,"column":74}},"10":{"start":{"line":14,"column":39},"end":{"line":14,"column":75}},"11":{"start":{"line":16,"column":8},"end":{"line":19,"column":9}},"12":{"start":{"line":17,"column":12},"end":{"line":17,"column":51}},"13":{"start":{"line":18,"column":12},"end":{"line":18,"column":42}},"14":{"start":{"line":21,"column":4},"end":{"line":21,"column":49}},"15":{"start":{"line":26,"column":4},"end":{"line":26,"column":38}},"16":{"start":{"line":26,"column":26},"end":{"line":26,"column":38}},"17":{"start":{"line":27,"column":17},"end":{"line":27,"column":19}},"18":{"start":{"line":28,"column":4},"end":{"line":34,"column":5}},"19":{"start":{"line":28,"column":17},"end":{"line":28,"column":18}},"20":{"start":{"line":29,"column":20},"end":{"line":29,"column":60}},"21":{"start":{"line":30,"column":21},"end":{"line":30,"column":36}},"22":{"start":{"line":31,"column":8},"end":{"line":33,"column":9}},"23":{"start":{"line":31,"column":21},"end":{"line":31,"column":22}},"24":{"start":{"line":32,"column":12},"end":{"line":32,"column":52}},"25":{"start":{"line":35,"column":4},"end":{"line":35,"column":18}},"26":{"start":{"line":39,"column":0},"end":{"line":42,"column":4}}},"fnMap":{"0":{"name":"tspBrutForce","decl":{"start":{"line":1,"column":9},"end":{"line":1,"column":21}},"loc":{"start":{"line":1,"column":33},"end":{"line":22,"column":1}},"line":1},"1":{"name":"(anonymous_1)","decl":{"start":{"line":7,"column":25},"end":{"line":7,"column":26}},"loc":{"start":{"line":7,"column":35},"end":{"line":20,"column":5}},"line":7},"2":{"name":"permuter","decl":{"start":{"line":25,"column":9},"end":{"line":25,"column":17}},"loc":{"start":{"line":25,"column":23},"end":{"line":36,"column":1}},"line":25}},"branchMap":{"0":{"loc":{"start":{"line":16,"column":8},"end":{"line":19,"column":9}},"type":"if","locations":[{"start":{"line":16,"column":8},"end":{"line":19,"column":9}},{"start":{},"end":{}}],"line":16},"1":{"loc":{"start":{"line":26,"column":4},"end":{"line":26,"column":38}},"type":"if","locations":[{"start":{"line":26,"column":4},"end":{"line":26,"column":38}},{"start":{},"end":{}}],"line":26}},"s":{"0":3,"1":3,"2":3,"3":3,"4":3,"5":49,"6":49,"7":49,"8":144,"9":49,"10":49,"11":49,"12":3,"13":3,"14":3,"15":132,"16":49,"17":83,"18":83,"19":83,"20":129,"21":129,"22":129,"23":129,"24":193,"25":83,"26":1},"f":{"0":3,"1":49,"2":132},"b":{"0":[3,46],"1":[49,83]},"_coverageSchema":"1a1c01bbd47fc00a2c39e90264f33305004495a9","hash":"27ce94dad5e645873d1c76e8aeb6e58cdba6486e"}
}
