TN:
SF:src/functions.js
FN:3,(anonymous_0)
FN:7,(anonymous_1)
FN:14,(anonymous_2)
FN:28,(anonymous_3)
FN:30,(anonymous_4)
FN:38,(anonymous_5)
FN:45,(anonymous_6)
FN:55,(anonymous_7)
FN:67,(anonymous_8)
FN:77,(anonymous_9)
FN:100,(anonymous_10)
FNF:11
FNH:11
FNDA:12,(anonymous_0)
FNDA:6,(anonymous_1)
FNDA:18,(anonymous_2)
FNDA:2,(anonymous_3)
FNDA:4,(anonymous_4)
FNDA:4,(anonymous_5)
FNDA:21,(anonymous_6)
FNDA:1,(anonymous_7)
FNDA:4,(anonymous_8)
FNDA:7,(anonymous_9)
FNDA:42,(anonymous_10)
DA:3,1
DA:4,12
DA:7,1
DA:8,6
DA:9,4
DA:11,2
DA:14,1
DA:15,18
DA:17,18
DA:18,6
DA:21,12
DA:22,66
DA:25,12
DA:28,2
DA:30,1
DA:31,4
DA:32,4
DA:33,5
DA:35,4
DA:38,1
DA:39,4
DA:40,2
DA:42,2
DA:45,1
DA:46,21
DA:47,2
DA:49,19
DA:50,12
DA:52,7
DA:55,1
DA:56,1
DA:57,1
DA:59,1
DA:60,26
DA:63,1
DA:67,1
DA:68,4
DA:70,4
DA:71,3
DA:74,4
DA:77,1
DA:78,7
DA:80,7
DA:81,26
DA:83,26
DA:84,6
DA:86,26
DA:87,9
DA:89,26
DA:90,6
DA:92,26
DA:93,1
DA:97,7
DA:100,1
DA:101,42
DA:102,17
DA:103,17
DA:104,17
DA:105,17
DA:106,43
DA:107,17
DA:109,17
DA:112,1
LF:63
LH:63
BRDA:8,0,0,4
BRDA:8,0,1,2
BRDA:8,1,0,6
BRDA:8,1,1,3
BRDA:14,2,0,1
BRDA:17,3,0,6
BRDA:17,3,1,12
BRDA:39,4,0,2
BRDA:39,4,1,2
BRDA:46,5,0,2
BRDA:46,5,1,19
BRDA:49,6,0,12
BRDA:49,6,1,7
BRDA:49,7,0,19
BRDA:49,7,1,14
BRDA:83,8,0,6
BRDA:83,8,1,20
BRDA:83,9,0,26
BRDA:83,9,1,18
BRDA:86,10,0,9
BRDA:86,10,1,17
BRDA:86,11,0,26
BRDA:86,11,1,12
BRDA:89,12,0,6
BRDA:89,12,1,20
BRDA:89,13,0,26
BRDA:89,13,1,24
BRDA:92,14,0,1
BRDA:92,14,1,25
BRDA:101,15,0,25
BRDA:101,15,1,17
BRDA:106,16,0,26
BRDA:106,16,1,17
BRF:33
BRH:33
end_of_record
TN:
SF:src/sudoGrille.js
FN:1,resoudreSudoku
FN:21,estValide
FNF:2
FNH:2
FNDA:18606,resoudreSudoku
FNDA:166892,estValide
DA:2,18606
DA:3,71425
DA:4,584348
DA:5,18604
DA:6,166892
DA:7,18603
DA:8,18603
DA:9,132
DA:11,18471
DA:14,18472
DA:18,2
DA:22,166892
DA:23,729470
DA:25,26659
DA:26,26659
DA:27,26659
DA:28,70636
DA:29,203602
DA:32,18603
DA:35,1
LF:20
LH:20
BRDA:4,0,0,18604
BRDA:4,0,1,565744
BRDA:6,1,0,18603
BRDA:6,1,1,148289
BRDA:8,2,0,132
BRDA:8,2,1,18471
BRDA:23,3,0,140233
BRDA:23,3,1,589237
BRDA:23,4,0,729470
BRDA:23,4,1,643861
BRDA:29,5,0,8056
BRDA:29,5,1,195546
BRF:12
BRH:12
end_of_record
TN:
SF:src/tpsBrutForceFunct.js
FN:1,tspBrutForce
FN:7,(anonymous_1)
FN:25,permuter
FNF:3
FNH:3
FNDA:3,tspBrutForce
FNDA:49,(anonymous_1)
FNDA:132,permuter
DA:2,3
DA:3,3
DA:4,3
DA:5,3
DA:7,3
DA:8,49
DA:9,49
DA:10,144
DA:12,49
DA:14,49
DA:16,49
DA:17,3
DA:18,3
DA:21,3
DA:26,132
DA:27,83
DA:28,83
DA:29,129
DA:30,129
DA:31,129
DA:32,193
DA:35,83
DA:39,1
LF:23
LH:23
BRDA:16,0,0,3
BRDA:16,0,1,46
BRDA:26,1,0,49
BRDA:26,1,1,83
BRF:4
BRH:4
end_of_record
